Build started 1/29/2015 2:56:27 AM.
Project "C:\Users\IEUser\Desktop\labs\Cpp_Lab_03\Lab3_1\Lab3_1\Lab3_1.vcxproj" on node 2 (Build target(s)).
ClCompile:
  C:\Program Files\Microsoft Visual Studio 12.0\VC\bin\CL.exe /c /ZI /nologo /W3 /WX- /sdl /Od /Oy- /D WIN32 /D _DEBUG /D _CONSOLE /D _LIB /D _UNICODE /D UNICODE /Gm /EHsc /RTC1 /MDd /GS /fp:precise /Zc:wchar_t /Zc:forScope /Yc"stdafx.h" /Fp"Debug\Lab3_1.pch" /Fo"Debug\\" /Fd"Debug\vc120.pdb" /Gd /TP /analyze- /errorReport:prompt stdafx.cpp
  stdafx.cpp
  C:\Program Files\Microsoft Visual Studio 12.0\VC\bin\CL.exe /c /ZI /nologo /W3 /WX- /sdl /Od /Oy- /D WIN32 /D _DEBUG /D _CONSOLE /D _LIB /D _UNICODE /D UNICODE /Gm /EHsc /RTC1 /MDd /GS /fp:precise /Zc:wchar_t /Zc:forScope /Yu"stdafx.h" /Fp"Debug\Lab3_1.pch" /Fo"Debug\\" /Fd"Debug\vc120.pdb" /Gd /TP /analyze- /errorReport:prompt Lab3_1.cpp
  Lab3_1.cpp
c:\users\ieuser\desktop\labs\cpp_lab_03\lab3_1\lab3_1\lab3_1.cpp(39): error C2660: 'new_board' : function does not take 0 arguments
c:\users\ieuser\desktop\labs\cpp_lab_03\lab3_1\lab3_1\lab3_1.cpp(40): error C2660: 'display_board' : function does not take 0 arguments
c:\users\ieuser\desktop\labs\cpp_lab_03\lab3_1\lab3_1\lab3_1.cpp(42): error C2660: 'winner' : function does not take 0 arguments
c:\users\ieuser\desktop\labs\cpp_lab_03\lab3_1\lab3_1\lab3_1.cpp(42): fatal error C1903: unable to recover from previous error(s); stopping compilation
Done Building Project "C:\Users\IEUser\Desktop\labs\Cpp_Lab_03\Lab3_1\Lab3_1\Lab3_1.vcxproj" (Build target(s)) -- FAILED.

Build FAILED.

Time Elapsed 00:00:01.63
